<?xml version="1.0" encoding="UTF-8"?>
<!-- Generated by org.testng.reporters.JUnitReportReporter -->
<testsuite skipped="0" hostname="LAPTOP-HAGVT14E" name="org.servicenow.changerequests.DeleteChangeRequestUsingPathParam" tests="1" failures="0" timestamp="16 Jan 2022 04:18:18 GMT" time="5.123" errors="0">
  <testcase name="updateChangeRequest" time="5.123" classname="org.servicenow.changerequests.DeleteChangeRequestUsingPathParam"/>
</testsuite> <!-- org.servicenow.changerequests.DeleteChangeRequestUsingPathParam -->
