<?xml version="1.0" encoding="UTF-8"?>
<!-- Generated by org.testng.reporters.JUnitReportReporter -->
<testsuite skipped="0" hostname="LAPTOP-HAGVT14E" name="services.CreateNewJIRAIssue" tests="1" failures="0" timestamp="30 Jan 2022 06:57:36 GMT" time="4.393" errors="0">
  <testcase name="createNewJIRAIssue" time="4.393" classname="services.CreateNewJIRAIssue"/>
</testsuite> <!-- services.CreateNewJIRAIssue -->
