<?xml version="1.0" encoding="UTF-8"?>
<!-- Generated by org.testng.reporters.JUnitReportReporter -->
<testsuite skipped="0" hostname="LAPTOP-HAGVT14E" name="org.servicenow.changerequests.GetAllChangeRequestAndPrintLastChangeRequest" tests="1" failures="0" timestamp="15 Jan 2022 05:36:41 GMT" time="6.074" errors="0">
  <testcase name="getAllChangeRequest" time="6.074" classname="org.servicenow.changerequests.GetAllChangeRequestAndPrintLastChangeRequest"/>
</testsuite> <!-- org.servicenow.changerequests.GetAllChangeRequestAndPrintLastChangeRequest -->
