<?xml version="1.0" encoding="UTF-8"?>
<!-- Generated by org.testng.reporters.JUnitReportReporter -->
<testsuite skipped="0" hostname="LAPTOP-HAGVT14E" name="week2.assignments.DeleteIssueUsingChaining" tests="1" failures="0" timestamp="20 Jan 2022 14:01:41 GMT" time="0.776" errors="0">
  <testcase name="deleteIssueUsingChaining" time="0.776" classname="week2.assignments.DeleteIssueUsingChaining"/>
</testsuite> <!-- week2.assignments.DeleteIssueUsingChaining -->
