<?xml version="1.0" encoding="UTF-8"?>
<!-- Generated by org.testng.reporters.JUnitReportReporter -->
<testsuite skipped="0" hostname="LAPTOP-HAGVT14E" name="week3.assignments.UpdateProblemUsingChaining" tests="1" failures="0" timestamp="22 Jan 2022 15:31:49 GMT" time="2.446" errors="0">
  <testcase name="updateProblem" time="2.446" classname="week3.assignments.UpdateProblemUsingChaining"/>
</testsuite> <!-- week3.assignments.UpdateProblemUsingChaining -->
