<?xml version="1.0" encoding="UTF-8"?>
<!-- Generated by org.testng.reporters.JUnitReportReporter -->
<testsuite skipped="0" hostname="LAPTOP-HAGVT14E" name="jira.CreateNewIssueInJIRAUsingMultipleFiles" tests="2" failures="0" timestamp="16 Jan 2022 05:01:28 GMT" time="3.079" errors="0">
  <testcase name="createIssuesUsingMultipleFiles" time="0.617" classname="jira.CreateNewIssueInJIRAUsingMultipleFiles"/>
  <testcase name="createIssuesUsingMultipleFiles" time="2.462" classname="jira.CreateNewIssueInJIRAUsingMultipleFiles"/>
</testsuite> <!-- jira.CreateNewIssueInJIRAUsingMultipleFiles -->
