<?xml version="1.0" encoding="UTF-8"?>
<!-- Generated by org.testng.reporters.JUnitReportReporter -->
<testsuite skipped="0" hostname="LAPTOP-HAGVT14E" name="services.GetAllJIRAIssues" tests="1" failures="0" timestamp="29 Jan 2022 15:28:43 GMT" time="0.503" errors="0">
  <testcase name="getJIRAIssues" time="0.503" classname="services.GetAllJIRAIssues"/>
</testsuite> <!-- services.GetAllJIRAIssues -->
