<?xml version="1.0" encoding="UTF-8"?>
<!-- Generated by org.testng.reporters.JUnitReportReporter -->
<testsuite skipped="0" hostname="LAPTOP-HAGVT14E" name="week3.assignments.GetAllProblemUsingOAuth2" tests="1" failures="0" timestamp="22 Jan 2022 15:19:21 GMT" time="4.246" errors="0">
  <testcase name="getAllProblem" time="4.246" classname="week3.assignments.GetAllProblemUsingOAuth2"/>
</testsuite> <!-- week3.assignments.GetAllProblemUsingOAuth2 -->
