<?xml version="1.0" encoding="UTF-8"?>
<!-- Generated by org.testng.reporters.JUnitReportReporter -->
<testsuite skipped="0" hostname="LAPTOP-HAGVT14E" name="runner.ChangeRequestRunner" tests="2" failures="0" timestamp="23 Jan 2022 05:46:51 GMT" time="7.756" errors="0">
  <testcase name="runScenario" time="3.215" classname="runner.ChangeRequestRunner"/>
  <testcase name="runScenario" time="4.541" classname="runner.ChangeRequestRunner"/>
</testsuite> <!-- runner.ChangeRequestRunner -->
