<?xml version="1.0" encoding="UTF-8"?>
<!-- Generated by org.testng.reporters.JUnitReportReporter -->
<testsuite skipped="0" hostname="LAPTOP-HAGVT14E" name="services.DeleteJIRAIssue" tests="1" failures="0" timestamp="29 Jan 2022 15:28:43 GMT" time="0.736" errors="0">
  <testcase name="deleteJIRAIssue" time="0.736" classname="services.DeleteJIRAIssue"/>
</testsuite> <!-- services.DeleteJIRAIssue -->
