<?xml version="1.0" encoding="UTF-8"?>
<!-- Generated by org.testng.reporters.JUnitReportReporter -->
<testsuite skipped="0" hostname="LAPTOP-HAGVT14E" name="chaining.UpdateChangeRequest" tests="1" failures="0" timestamp="16 Jan 2022 06:37:21 GMT" time="3.412" errors="0">
  <testcase name="updateChangeRequest" time="3.412" classname="chaining.UpdateChangeRequest"/>
</testsuite> <!-- chaining.UpdateChangeRequest -->
