<?xml version="1.0" encoding="UTF-8"?>
<!-- Generated by org.testng.reporters.JUnitReportReporter -->
<testsuite skipped="0" hostname="LAPTOP-HAGVT14E" name="week2.assignments.CreateJIRAissuesUsingFiles" tests="2" failures="0" timestamp="18 Jan 2022 13:54:11 GMT" time="3.997" errors="0">
  <testcase name="createJIRAissues" time="0.984" classname="week2.assignments.CreateJIRAissuesUsingFiles"/>
  <testcase name="createJIRAissues" time="3.013" classname="week2.assignments.CreateJIRAissuesUsingFiles"/>
</testsuite> <!-- week2.assignments.CreateJIRAissuesUsingFiles -->
