<?xml version="1.0" encoding="UTF-8"?>
<!-- Generated by org.testng.reporters.JUnitReportReporter -->
<testsuite skipped="0" hostname="LAPTOP-HAGVT14E" name="services.UpdateJIRAIssue" tests="1" failures="0" timestamp="30 Jan 2022 06:57:36 GMT" time="0.576" errors="0">
  <testcase name="updateJIRAIssue" time="0.576" classname="services.UpdateJIRAIssue"/>
</testsuite> <!-- services.UpdateJIRAIssue -->
