<?xml version="1.0" encoding="UTF-8"?>
<!-- Generated by org.testng.reporters.JUnitReportReporter -->
<testsuite skipped="0" hostname="LAPTOP-HAGVT14E" name="week3.assignments.VerifySchemaInCreatingJIRAIssue" tests="1" failures="0" timestamp="22 Jan 2022 15:47:39 GMT" time="3.351" errors="0">
  <testcase name="verifySchemaInCreateIssue" time="3.351" classname="week3.assignments.VerifySchemaInCreatingJIRAIssue"/>
</testsuite> <!-- week3.assignments.VerifySchemaInCreatingJIRAIssue -->
