<?xml version="1.0" encoding="UTF-8"?>
<!-- Generated by org.testng.reporters.JUnitReportReporter -->
<testsuite skipped="0" hostname="LAPTOP-HAGVT14E" name="org.servicenow.changerequests.CreateNewChangeRequestsUsingMultipleFiles" tests="2" failures="0" timestamp="15 Jan 2022 13:55:39 GMT" time="9.176" errors="0">
  <testcase name="createNewChangeRequests" time="5.639" classname="org.servicenow.changerequests.CreateNewChangeRequestsUsingMultipleFiles"/>
  <testcase name="createNewChangeRequests" time="3.537" classname="org.servicenow.changerequests.CreateNewChangeRequestsUsingMultipleFiles"/>
</testsuite> <!-- org.servicenow.changerequests.CreateNewChangeRequestsUsingMultipleFiles -->
