<?xml version="1.0" encoding="UTF-8"?>
<!-- Generated by org.testng.reporters.JUnitReportReporter -->
<testsuite skipped="0" hostname="LAPTOP-HAGVT14E" name="week2.assignments.CreateMultipleNewIssuesInJIRA" tests="2" failures="0" timestamp="16 Jan 2022 19:30:05 GMT" time="2.462" errors="0">
  <testcase name="createMultipleNewIssues" time="1.497" classname="week2.assignments.CreateMultipleNewIssuesInJIRA"/>
  <testcase name="createMultipleNewIssues" time="0.965" classname="week2.assignments.CreateMultipleNewIssuesInJIRA"/>
</testsuite> <!-- week2.assignments.CreateMultipleNewIssuesInJIRA -->
