<?xml version="1.0" encoding="UTF-8"?>
<!-- Generated by org.testng.reporters.JUnitReportReporter -->
<testsuite skipped="0" hostname="LAPTOP-HAGVT14E" name="week2.assignments.CreateJIRAissuesUsingFiles" tests="2" failures="0" timestamp="20 Jan 2022 14:01:41 GMT" time="3.134" errors="0">
  <testcase name="createJIRAissues" time="0.820" classname="week2.assignments.CreateJIRAissuesUsingFiles"/>
  <testcase name="createJIRAissues" time="2.314" classname="week2.assignments.CreateJIRAissuesUsingFiles"/>
</testsuite> <!-- week2.assignments.CreateJIRAissuesUsingFiles -->
