<?xml version="1.0" encoding="UTF-8"?>
<!-- Generated by org.testng.reporters.JUnitReportReporter -->
<testsuite skipped="0" hostname="LAPTOP-HAGVT14E" name="week2.assignments.GetAllIssuesInJIRA" tests="1" failures="0" timestamp="16 Jan 2022 19:32:06 GMT" time="1.087" errors="0">
  <testcase name="getAllIssues" time="1.087" classname="week2.assignments.GetAllIssuesInJIRA"/>
</testsuite> <!-- week2.assignments.GetAllIssuesInJIRA -->
