<?xml version="1.0" encoding="UTF-8"?>
<!-- Generated by org.testng.reporters.JUnitReportReporter -->
<testsuite skipped="0" hostname="LAPTOP-HAGVT14E" name="week2.assignments.CreateNewIssueWithAttachment" tests="1" failures="0" timestamp="16 Jan 2022 19:47:24 GMT" time="1.076" errors="0">
  <testcase name="createIssueWithAttachment" time="1.076" classname="week2.assignments.CreateNewIssueWithAttachment"/>
</testsuite> <!-- week2.assignments.CreateNewIssueWithAttachment -->
