<?xml version="1.0" encoding="UTF-8"?>
<!-- Generated by org.testng.reporters.JUnitReportReporter -->
<testsuite skipped="0" hostname="LAPTOP-HAGVT14E" name="org.servicenow.changerequests.CreateNewChangeRequestUsingFile" tests="1" failures="0" timestamp="16 Jan 2022 04:11:10 GMT" time="5.775" errors="0">
  <testcase name="createNewChangeRequest" time="5.775" classname="org.servicenow.changerequests.CreateNewChangeRequestUsingFile"/>
</testsuite> <!-- org.servicenow.changerequests.CreateNewChangeRequestUsingFile -->
