<?xml version="1.0" encoding="UTF-8"?>
<!-- Generated by org.testng.reporters.JUnitReportReporter -->
<testsuite skipped="0" hostname="LAPTOP-HAGVT14E" name="week3.GetSpecificChangeRequestUsingOAuthAndValidateSchema" tests="1" failures="1" timestamp="22 Jan 2022 06:02:27 GMT" time="3.449" errors="0">
  <testcase name="getAllChangeRequest" time="3.449" classname="week3.GetSpecificChangeRequestUsingOAuthAndValidateSchema">
    <failure type="java.lang.AssertionError" message="1 expectation failed.
Response body doesn&#039;t match expectation.
Expected: The content to match the given JSON schema.
error: object has missing required properties ([&quot;location1&quot;])
    level: &quot;error&quot;
    schema: {&quot;loadingURI&quot;:&quot;#&quot;,&quot;pointer&quot;:&quot;/properties/result&quot;}
    instance: {&quot;pointer&quot;:&quot;/result&quot;}
    domain: &quot;validation&quot;
    keyword: &quot;required&quot;
    required: [&quot;active&quot;,&quot;activity_due&quot;,&quot;additional_assignee_list&quot;,&quot;approval&quot;,&quot;approval_history&quot;,&quot;approval_set&quot;,&quot;assigned_to&quot;,&quot;assignment_group&quot;,&quot;backout_plan&quot;,&quot;business_duration&quot;,&quot;business_service&quot;,&quot;cab_date&quot;,&quot;cab_delegate&quot;,&quot;cab_recommendation&quot;,&quot;cab_required&quot;,&quot;calendar_duration&quot;,&quot;category&quot;,&quot;change_plan&quot;,&quot;chg_model&quot;,&quot;close_code&quot;,&quot;close_notes&quot;,&quot;closed_at&quot;,&quot;closed_by&quot;,&quot;cmdb_ci&quot;,&quot;comments&quot;,&quot;comments_and_work_notes&quot;,&quot;company&quot;,&quot;conflict_last_run&quot;,&quot;conflict_status&quot;,&quot;contact_type&quot;,&quot;contract&quot;,&quot;correlation_display&quot;,&quot;correlation_id&quot;,&quot;delivery_plan&quot;,&quot;delivery_task&quot;,&quot;description&quot;,&quot;due_date&quot;,&quot;end_date&quot;,&quot;escalation&quot;,&quot;expected_start&quot;,&quot;follow_up&quot;,&quot;group_list&quot;,&quot;impact&quot;,&quot;implementation_plan&quot;,&quot;justification&quot;,&quot;knowledge&quot;,&quot;location1&quot;,&quot;made_sla&quot;,&quot;number&quot;,&quot;on_hold&quot;,&quot;on_hold_reason&quot;,&quot;on_hold_task&quot;,&quot;opened_at&quot;,&quot;opened_by&quot;,&quot;order&quot;,&quot;outside_maintenance_schedule&quot;,&quot;parent&quot;,&quot;phase&quot;,&quot;phase_state&quot;,&quot;priority&quot;,&quot;production_system&quot;,&quot;reason&quot;,&quot;reassignment_count&quot;,&quot;requested_by&quot;,&quot;requested_by_date&quot;,&quot;review_comments&quot;,&quot;review_date&quot;,&quot;review_status&quot;,&quot;risk&quot;,&quot;risk_impact_analysis&quot;,&quot;route_reason&quot;,&quot;scope&quot;,&quot;service_offering&quot;,&quot;short_description&quot;,&quot;sla_due&quot;,&quot;start_date&quot;,&quot;state&quot;,&quot;std_change_producer_version&quot;,&quot;sys_class_name&quot;,&quot;sys_created_by&quot;,&quot;sys_created_on&quot;,&quot;sys_domain&quot;,&quot;sys_domain_path&quot;,&quot;sys_id&quot;,&quot;sys_mod_count&quot;,&quot;sys_tags&quot;,&quot;sys_updated_by&quot;,&quot;sys_updated_on&quot;,&quot;task_effective_number&quot;,&quot;test_plan&quot;,&quot;time_worked&quot;,&quot;type&quot;,&quot;unauthorized&quot;,&quot;universal_request&quot;,&quot;upon_approval&quot;,&quot;upon_reject&quot;,&quot;urgency&quot;,&quot;user_input&quot;,&quot;watch_list&quot;,&quot;work_end&quot;,&quot;work_notes&quot;,&quot;work_notes_list&quot;,&quot;work_start&quot;]
    missing: [&quot;location1&quot;]

  Actual: {&quot;result&quot;:{&quot;parent&quot;:&quot;&quot;,&quot;reason&quot;:&quot;&quot;,&quot;watch_list&quot;:&quot;&quot;,&quot;upon_reject&quot;:&quot;cancel&quot;,&quot;sys_updated_on&quot;:&quot;2015-07-06 18:59:27&quot;,&quot;type&quot;:&quot;standard&quot;,&quot;approval_history&quot;:&quot;&quot;,&quot;number&quot;:&quot;CHG0000024&quot;,&quot;test_plan&quot;:&quot;--Confirm that there are no monitoring alerts for the router&quot;,&quot;cab_delegate&quot;:&quot;&quot;,&quot;requested_by_date&quot;:&quot;&quot;,&quot;state&quot;:&quot;3&quot;,&quot;sys_created_by&quot;:&quot;admin&quot;,&quot;knowledge&quot;:&quot;false&quot;,&quot;order&quot;:&quot;&quot;,&quot;phase&quot;:&quot;requested&quot;,&quot;cmdb_ci&quot;:&quot;&quot;,&quot;delivery_plan&quot;:&quot;&quot;,&quot;contract&quot;:&quot;&quot;,&quot;impact&quot;:&quot;3&quot;,&quot;active&quot;:&quot;false&quot;,&quot;work_notes_list&quot;:&quot;&quot;,&quot;priority&quot;:&quot;4&quot;,&quot;sys_domain_path&quot;:&quot;/&quot;,&quot;cab_recommendation&quot;:&quot;&quot;,&quot;production_system&quot;:&quot;false&quot;,&quot;review_date&quot;:&quot;&quot;,&quot;business_duration&quot;:&quot;&quot;,&quot;group_list&quot;:&quot;&quot;,&quot;requested_by&quot;:{&quot;link&quot;:&quot;https://dev61821.service-now.com/api/now/table/sys_user/6816f79cc0a8016401c5a33be04be441&quot;,&quot;value&quot;:&quot;6816f79cc0a8016401c5a33be04be441&quot;},&quot;change_plan&quot;:&quot;&quot;,&quot;approval_set&quot;:&quot;&quot;,&quot;implementation_plan&quot;:&quot;-- Place router into maintenance mode in the monitoring platform\r\n-- Logon to router through SSH\r\n-- Run the following command\r\n\r\nrouter(config-router)#router bgp 12345\r\nrouter(config-router)#neighbor {neighbor ip} soft-reconfig [inbound]\r\nrouter#clear ip bgp {neighbor ip} soft in\r\n\r\n-- Confirm the sessions have been cleared\r\n-- Place router back into operational mode in the monitoring platform&quot;,&quot;universal_request&quot;:&quot;&quot;,&quot;end_date&quot;:&quot;&quot;,&quot;short_description&quot;:&quot;Clear BGP sessions on a Cisco router&quot;,&quot;correlation_display&quot;:&quot;&quot;,&quot;delivery_task&quot;:&quot;&quot;,&quot;work_start&quot;:&quot;2015-07-06 18:56:04&quot;,&quot;additional_assignee_list&quot;:&quot;&quot;,&quot;outside_maintenance_schedule&quot;:&quot;false&quot;,&quot;std_change_producer_version&quot;:{&quot;link&quot;:&quot;https://dev61821.service-now.com/api/now/table/std_change_producer_version/16c2273c47010200e90d87e8dee49006&quot;,&quot;value&quot;:&quot;16c2273c47010200e90d87e8dee49006&quot;},&quot;service_offering&quot;:&quot;&quot;,&quot;sys_class_name&quot;:&quot;change_request&quot;,&quot;closed_by&quot;:{&quot;link&quot;:&quot;https://dev61821.service-now.com/api/now/table/sys_user/6816f79cc0a8016401c5a33be04be441&quot;,&quot;value&quot;:&quot;6816f79cc0a8016401c5a33be04be441&quot;},&quot;follow_up&quot;:&quot;&quot;,&quot;reassignment_count&quot;:&quot;2&quot;,&quot;review_status&quot;:&quot;&quot;,&quot;assigned_to&quot;:&quot;&quot;,&quot;start_date&quot;:&quot;&quot;,&quot;sla_due&quot;:&quot;&quot;,&quot;comments_and_work_notes&quot;:&quot;&quot;,&quot;escalation&quot;:&quot;0&quot;,&quot;upon_approval&quot;:&quot;proceed&quot;,&quot;correlation_id&quot;:&quot;&quot;,&quot;made_sla&quot;:&quot;true&quot;,&quot;backout_plan&quot;:&quot;Due to the limited number of commands in the implementation plan it is not possible to backout the change.\r\n\r\nIf required you are authorized to reboot the router if BGP fails to work&quot;,&quot;conflict_status&quot;:&quot;Not Run&quot;,&quot;task_effective_number&quot;:&quot;CHG0000024&quot;,&quot;sys_updated_by&quot;:&quot;admin&quot;,&quot;opened_by&quot;:{&quot;link&quot;:&quot;https://dev61821.service-now.com/api/now/table/sys_user/6816f79cc0a8016401c5a33be04be441&quot;,&quot;value&quot;:&quot;6816f79cc0a8016401c5a33be04be441&quot;},&quot;user_input&quot;:&quot;&quot;,&quot;sys_created_on&quot;:&quot;2015-07-06 18:55:46&quot;,&quot;on_hold_task&quot;:&quot;&quot;,&quot;sys_domain&quot;:{&quot;link&quot;:&quot;https://dev61821.service-now.com/api/now/table/sys_user_group/global&quot;,&quot;value&quot;:&quot;global&quot;},&quot;route_reason&quot;:&quot;&quot;,&quot;closed_at&quot;:&quot;2015-07-06 18:56:23&quot;,&quot;review_comments&quot;:&quot;&quot;,&quot;business_service&quot;:&quot;&quot;,&quot;time_worked&quot;:&quot;&quot;,&quot;chg_model&quot;:&quot;&quot;,&quot;expected_start&quot;:&quot;&quot;,&quot;opened_at&quot;:&quot;2015-06-09 18:55:46&quot;,&quot;work_end&quot;:&quot;2015-07-06 18:56:10&quot;,&quot;phase_state&quot;:&quot;open&quot;,&quot;cab_date&quot;:&quot;&quot;,&quot;work_notes&quot;:&quot;&quot;,&quot;close_code&quot;:&quot;successful&quot;,&quot;assignment_group&quot;:{&quot;link&quot;:&quot;https://dev61821.service-now.com/api/now/table/sys_user_group/287ebd7da9fe198100f92cc8d1d2154e&quot;,&quot;value&quot;:&quot;287ebd7da9fe198100f92cc8d1d2154e&quot;},&quot;description&quot;:&quot;Resend the complete BGP table to neighboring routers\r\n\r\n--Both neighbors need to support soft reset route refresh capability.\r\n--Stores complete BGP table of you neighbor in router memory.\r\n--Not a good idea on a peering router with full feed, due to the memory requirements.\r\n&quot;,&quot;on_hold_reason&quot;:&quot;&quot;,&quot;calendar_duration&quot;:&quot;&quot;,&quot;close_notes&quot;:&quot;Completed without issues&quot;,&quot;sys_id&quot;:&quot;1766f1de47410200e90d87e8dee490f6&quot;,&quot;contact_type&quot;:&quot;phone&quot;,&quot;cab_required&quot;:&quot;false&quot;,&quot;urgency&quot;:&quot;3&quot;,&quot;scope&quot;:&quot;3&quot;,&quot;company&quot;:&quot;&quot;,&quot;justification&quot;:&quot;&quot;,&quot;activity_due&quot;:&quot;&quot;,&quot;comments&quot;:&quot;&quot;,&quot;approval&quot;:&quot;approved&quot;,&quot;due_date&quot;:&quot;&quot;,&quot;sys_mod_count&quot;:&quot;10&quot;,&quot;on_hold&quot;:&quot;false&quot;,&quot;sys_tags&quot;:&quot;&quot;,&quot;conflict_last_run&quot;:&quot;&quot;,&quot;unauthorized&quot;:&quot;false&quot;,&quot;location&quot;:&quot;&quot;,&quot;risk&quot;:&quot;3&quot;,&quot;category&quot;:&quot;Other&quot;,&quot;risk_impact_analysis&quot;:&quot;&quot;}}
">
      <![CDATA[java.lang.AssertionError: 1 expectation failed.
Response body doesn't match expectation.
Expected: The content to match the given JSON schema.
error: object has missing required properties (["location1"])
    level: "error"
    schema: {"loadingURI":"#","pointer":"/properties/result"}
    instance: {"pointer":"/result"}
    domain: "validation"
    keyword: "required"
    required: ["active","activity_due","additional_assignee_list","approval","approval_history","approval_set","assigned_to","assignment_group","backout_plan","business_duration","business_service","cab_date","cab_delegate","cab_recommendation","cab_required","calendar_duration","category","change_plan","chg_model","close_code","close_notes","closed_at","closed_by","cmdb_ci","comments","comments_and_work_notes","company","conflict_last_run","conflict_status","contact_type","contract","correlation_display","correlation_id","delivery_plan","delivery_task","description","due_date","end_date","escalation","expected_start","follow_up","group_list","impact","implementation_plan","justification","knowledge","location1","made_sla","number","on_hold","on_hold_reason","on_hold_task","opened_at","opened_by","order","outside_maintenance_schedule","parent","phase","phase_state","priority","production_system","reason","reassignment_count","requested_by","requested_by_date","review_comments","review_date","review_status","risk","risk_impact_analysis","route_reason","scope","service_offering","short_description","sla_due","start_date","state","std_change_producer_version","sys_class_name","sys_created_by","sys_created_on","sys_domain","sys_domain_path","sys_id","sys_mod_count","sys_tags","sys_updated_by","sys_updated_on","task_effective_number","test_plan","time_worked","type","unauthorized","universal_request","upon_approval","upon_reject","urgency","user_input","watch_list","work_end","work_notes","work_notes_list","work_start"]
    missing: ["location1"]

  Actual: {"result":{"parent":"","reason":"","watch_list":"","upon_reject":"cancel","sys_updated_on":"2015-07-06 18:59:27","type":"standard","approval_history":"","number":"CHG0000024","test_plan":"--Confirm that there are no monitoring alerts for the router","cab_delegate":"","requested_by_date":"","state":"3","sys_created_by":"admin","knowledge":"false","order":"","phase":"requested","cmdb_ci":"","delivery_plan":"","contract":"","impact":"3","active":"false","work_notes_list":"","priority":"4","sys_domain_path":"/","cab_recommendation":"","production_system":"false","review_date":"","business_duration":"","group_list":"","requested_by":{"link":"https://dev61821.service-now.com/api/now/table/sys_user/6816f79cc0a8016401c5a33be04be441","value":"6816f79cc0a8016401c5a33be04be441"},"change_plan":"","approval_set":"","implementation_plan":"-- Place router into maintenance mode in the monitoring platform\r\n-- Logon to router through SSH\r\n-- Run the following command\r\n\r\nrouter(config-router)#router bgp 12345\r\nrouter(config-router)#neighbor {neighbor ip} soft-reconfig [inbound]\r\nrouter#clear ip bgp {neighbor ip} soft in\r\n\r\n-- Confirm the sessions have been cleared\r\n-- Place router back into operational mode in the monitoring platform","universal_request":"","end_date":"","short_description":"Clear BGP sessions on a Cisco router","correlation_display":"","delivery_task":"","work_start":"2015-07-06 18:56:04","additional_assignee_list":"","outside_maintenance_schedule":"false","std_change_producer_version":{"link":"https://dev61821.service-now.com/api/now/table/std_change_producer_version/16c2273c47010200e90d87e8dee49006","value":"16c2273c47010200e90d87e8dee49006"},"service_offering":"","sys_class_name":"change_request","closed_by":{"link":"https://dev61821.service-now.com/api/now/table/sys_user/6816f79cc0a8016401c5a33be04be441","value":"6816f79cc0a8016401c5a33be04be441"},"follow_up":"","reassignment_count":"2","review_status":"","assigned_to":"","start_date":"","sla_due":"","comments_and_work_notes":"","escalation":"0","upon_approval":"proceed","correlation_id":"","made_sla":"true","backout_plan":"Due to the limited number of commands in the implementation plan it is not possible to backout the change.\r\n\r\nIf required you are authorized to reboot the router if BGP fails to work","conflict_status":"Not Run","task_effective_number":"CHG0000024","sys_updated_by":"admin","opened_by":{"link":"https://dev61821.service-now.com/api/now/table/sys_user/6816f79cc0a8016401c5a33be04be441","value":"6816f79cc0a8016401c5a33be04be441"},"user_input":"","sys_created_on":"2015-07-06 18:55:46","on_hold_task":"","sys_domain":{"link":"https://dev61821.service-now.com/api/now/table/sys_user_group/global","value":"global"},"route_reason":"","closed_at":"2015-07-06 18:56:23","review_comments":"","business_service":"","time_worked":"","chg_model":"","expected_start":"","opened_at":"2015-06-09 18:55:46","work_end":"2015-07-06 18:56:10","phase_state":"open","cab_date":"","work_notes":"","close_code":"successful","assignment_group":{"link":"https://dev61821.service-now.com/api/now/table/sys_user_group/287ebd7da9fe198100f92cc8d1d2154e","value":"287ebd7da9fe198100f92cc8d1d2154e"},"description":"Resend the complete BGP table to neighboring routers\r\n\r\n--Both neighbors need to support soft reset route refresh capability.\r\n--Stores complete BGP table of you neighbor in router memory.\r\n--Not a good idea on a peering router with full feed, due to the memory requirements.\r\n","on_hold_reason":"","calendar_duration":"","close_notes":"Completed without issues","sys_id":"1766f1de47410200e90d87e8dee490f6","contact_type":"phone","cab_required":"false","urgency":"3","scope":"3","company":"","justification":"","activity_due":"","comments":"","approval":"approved","due_date":"","sys_mod_count":"10","on_hold":"false","sys_tags":"","conflict_last_run":"","unauthorized":"false","location":"","risk":"3","category":"Other","risk_impact_analysis":""}}

at sun.reflect.NativeConstructorAccessorImpl.newInstance0(Native Method)
at sun.reflect.NativeConstructorAccessorImpl.newInstance(Unknown Source)
at sun.reflect.DelegatingConstructorAccessorImpl.newInstance(Unknown Source)
at java.lang.reflect.Constructor.newInstance(Unknown Source)
at org.codehaus.groovy.reflection.CachedConstructor.invoke(CachedConstructor.java:72)
at org.codehaus.groovy.reflection.CachedConstructor.doConstructorInvoke(CachedConstructor.java:59)
at org.codehaus.groovy.runtime.callsite.ConstructorSite$ConstructorSiteNoUnwrap.callConstructor(ConstructorSite.java:84)
at org.codehaus.groovy.runtime.callsite.CallSiteArray.defaultCallConstructor(CallSiteArray.java:59)
at org.codehaus.groovy.runtime.callsite.AbstractCallSite.callConstructor(AbstractCallSite.java:263)
at org.codehaus.groovy.runtime.callsite.AbstractCallSite.callConstructor(AbstractCallSite.java:277)
at io.restassured.internal.ResponseSpecificationImpl$HamcrestAssertionClosure.validate(ResponseSpecificationImpl.groovy:493)
at io.restassured.internal.ResponseSpecificationImpl$HamcrestAssertionClosure$validate$1.call(Unknown Source)
at org.codehaus.groovy.runtime.callsite.CallSiteArray.defaultCall(CallSiteArray.java:47)
at org.codehaus.groovy.runtime.callsite.AbstractCallSite.call(AbstractCallSite.java:125)
at org.codehaus.groovy.runtime.callsite.AbstractCallSite.call(AbstractCallSite.java:139)
at io.restassured.internal.ResponseSpecificationImpl.validateResponseIfRequired(ResponseSpecificationImpl.groovy:674)
at sun.reflect.NativeMethodAccessorImpl.invoke0(Native Method)
at sun.reflect.NativeMethodAccessorImpl.invoke(Unknown Source)
at sun.reflect.DelegatingMethodAccessorImpl.invoke(Unknown Source)
at java.lang.reflect.Method.invoke(Unknown Source)
at org.codehaus.groovy.runtime.callsite.PlainObjectMetaMethodSite.doInvoke(PlainObjectMetaMethodSite.java:43)
at org.codehaus.groovy.runtime.callsite.PogoMetaMethodSite$PogoCachedMethodSiteNoUnwrapNoCoerce.invoke(PogoMetaMethodSite.java:193)
at org.codehaus.groovy.runtime.callsite.PogoMetaMethodSite.callCurrent(PogoMetaMethodSite.java:61)
at org.codehaus.groovy.runtime.callsite.CallSiteArray.defaultCallCurrent(CallSiteArray.java:51)
at org.codehaus.groovy.runtime.callsite.AbstractCallSite.callCurrent(AbstractCallSite.java:171)
at org.codehaus.groovy.runtime.callsite.AbstractCallSite.callCurrent(AbstractCallSite.java:185)
at io.restassured.internal.ResponseSpecificationImpl.body(ResponseSpecificationImpl.groovy:98)
at io.restassured.internal.ValidatableResponseOptionsImpl.body(ValidatableResponseOptionsImpl.java:238)
at io.restassured.internal.ValidatableResponseImpl.super$2$body(ValidatableResponseImpl.groovy)
at sun.reflect.NativeMethodAccessorImpl.invoke0(Native Method)
at sun.reflect.NativeMethodAccessorImpl.invoke(Unknown Source)
at sun.reflect.DelegatingMethodAccessorImpl.invoke(Unknown Source)
at java.lang.reflect.Method.invoke(Unknown Source)
at org.codehaus.groovy.reflection.CachedMethod.invoke(CachedMethod.java:107)
at groovy.lang.MetaMethod.doMethodInvoke(MetaMethod.java:323)
at groovy.lang.MetaClassImpl.invokeMethod(MetaClassImpl.java:1268)
at org.codehaus.groovy.runtime.ScriptBytecodeAdapter.invokeMethodOnSuperN(ScriptBytecodeAdapter.java:144)
at io.restassured.internal.ValidatableResponseImpl.body(ValidatableResponseImpl.groovy:293)
at io.restassured.internal.ValidatableResponseImpl.body(ValidatableResponseImpl.groovy)
at week3.GetSpecificChangeRequestUsingOAuthAndValidateSchema.getAllChangeRequest(GetSpecificChangeRequestUsingOAuthAndValidateSchema.java:22)
at sun.reflect.NativeMethodAccessorImpl.invoke0(Native Method)
at sun.reflect.NativeMethodAccessorImpl.invoke(Unknown Source)
at sun.reflect.DelegatingMethodAccessorImpl.invoke(Unknown Source)
at java.lang.reflect.Method.invoke(Unknown Source)
at org.testng.internal.MethodInvocationHelper.invokeMethod(MethodInvocationHelper.java:124)
at org.testng.internal.Invoker.invokeMethod(Invoker.java:583)
at org.testng.internal.Invoker.invokeTestMethod(Invoker.java:719)
at org.testng.internal.Invoker.invokeTestMethods(Invoker.java:989)
at org.testng.internal.TestMethodWorker.invokeTestMethods(TestMethodWorker.java:125)
at org.testng.internal.TestMethodWorker.run(TestMethodWorker.java:109)
at org.testng.TestRunner.privateRun(TestRunner.java:648)
at org.testng.TestRunner.run(TestRunner.java:505)
at org.testng.SuiteRunner.runTest(SuiteRunner.java:455)
at org.testng.SuiteRunner.runSequentially(SuiteRunner.java:450)
at org.testng.SuiteRunner.privateRun(SuiteRunner.java:415)
at org.testng.SuiteRunner.run(SuiteRunner.java:364)
at org.testng.SuiteRunnerWorker.runSuite(SuiteRunnerWorker.java:52)
at org.testng.SuiteRunnerWorker.run(SuiteRunnerWorker.java:84)
at org.testng.TestNG.runSuitesSequentially(TestNG.java:1208)
at org.testng.TestNG.runSuitesLocally(TestNG.java:1137)
at org.testng.TestNG.runSuites(TestNG.java:1049)
at org.testng.TestNG.run(TestNG.java:1017)
at org.testng.remote.AbstractRemoteTestNG.run(AbstractRemoteTestNG.java:115)
at org.testng.remote.RemoteTestNG.initAndRun(RemoteTestNG.java:251)
at org.testng.remote.RemoteTestNG.main(RemoteTestNG.java:77)
]]>
    </failure>
  </testcase> <!-- getAllChangeRequest -->
</testsuite> <!-- week3.GetSpecificChangeRequestUsingOAuthAndValidateSchema -->
