<?xml version="1.0" encoding="UTF-8"?>
<!-- Generated by org.testng.reporters.JUnitReportReporter -->
<testsuite skipped="0" hostname="LAPTOP-HAGVT14E" name="week2.assignments.CreateNewIssueWithAttachment" tests="1" failures="0" timestamp="22 Jan 2022 03:40:35 GMT" time="1.529" errors="0">
  <testcase name="createIssueWithAttachment" time="1.529" classname="week2.assignments.CreateNewIssueWithAttachment"/>
</testsuite> <!-- week2.assignments.CreateNewIssueWithAttachment -->
