<?xml version="1.0" encoding="UTF-8"?>
<!-- Generated by org.testng.reporters.JUnitReportReporter -->
<testsuite skipped="0" hostname="LAPTOP-HAGVT14E" name="servicenow.GetAllChangeRequestAndPrintLastChangeRequest" tests="1" failures="0" timestamp="16 Jan 2022 06:38:56 GMT" time="4.910" errors="0">
  <testcase name="getAllChangeRequest" time="4.910" classname="servicenow.GetAllChangeRequestAndPrintLastChangeRequest"/>
</testsuite> <!-- servicenow.GetAllChangeRequestAndPrintLastChangeRequest -->
