<?xml version="1.0" encoding="UTF-8"?>
<!-- Generated by org.testng.reporters.JUnitReportReporter -->
<testsuite skipped="0" hostname="LAPTOP-HAGVT14E" name="atlassian.jira.testrunner.JiraTestRunner" tests="4" failures="0" timestamp="27 Jan 2022 15:29:20 GMT" time="5.640" errors="0">
  <testcase name="runScenario" time="3.044" classname="atlassian.jira.testrunner.JiraTestRunner"/>
  <testcase name="runScenario" time="1.120" classname="atlassian.jira.testrunner.JiraTestRunner"/>
  <testcase name="runScenario" time="0.689" classname="atlassian.jira.testrunner.JiraTestRunner"/>
  <testcase name="runScenario" time="0.787" classname="atlassian.jira.testrunner.JiraTestRunner"/>
</testsuite> <!-- atlassian.jira.testrunner.JiraTestRunner -->
