<?xml version="1.0" encoding="UTF-8"?>
<!-- Generated by org.testng.reporters.JUnitReportReporter -->
<testsuite skipped="0" hostname="LAPTOP-HAGVT14E" name="week3.assignments.DeleteProblemUsingOAuth2" tests="1" failures="0" timestamp="22 Jan 2022 15:31:49 GMT" time="2.451" errors="0">
  <testcase name="deleteProblem" time="2.451" classname="week3.assignments.DeleteProblemUsingOAuth2"/>
</testsuite> <!-- week3.assignments.DeleteProblemUsingOAuth2 -->
