<?xml version="1.0" encoding="UTF-8"?>
<!-- Generated by org.testng.reporters.JUnitReportReporter -->
<testsuite skipped="0" hostname="LAPTOP-HAGVT14E" name="services.GetAllJIRAIssues" tests="1" failures="0" timestamp="30 Jan 2022 06:57:36 GMT" time="0.555" errors="0">
  <testcase name="getJIRAIssues" time="0.555" classname="services.GetAllJIRAIssues"/>
</testsuite> <!-- services.GetAllJIRAIssues -->
