<?xml version="1.0" encoding="UTF-8"?>
<!-- Generated by org.testng.reporters.JUnitReportReporter -->
<testsuite skipped="0" hostname="LAPTOP-HAGVT14E" name="week3.GetAllChangeRequestUsingOAuth" tests="1" failures="0" timestamp="22 Jan 2022 06:48:56 GMT" time="3.619" errors="0">
  <testcase name="getAllChangeRequest" time="3.619" classname="week3.GetAllChangeRequestUsingOAuth"/>
</testsuite> <!-- week3.GetAllChangeRequestUsingOAuth -->
