<?xml version="1.0" encoding="UTF-8"?>
<!-- Generated by org.testng.reporters.JUnitReportReporter -->
<testsuite skipped="0" hostname="LAPTOP-HAGVT14E" name="atlassian.jira.testrunner.JiraTestRunner" tests="4" failures="0" timestamp="23 Jan 2022 11:36:10 GMT" time="5.908" errors="0">
  <testcase name="runScenario" time="3.531" classname="atlassian.jira.testrunner.JiraTestRunner"/>
  <testcase name="runScenario" time="0.904" classname="atlassian.jira.testrunner.JiraTestRunner"/>
  <testcase name="runScenario" time="0.975" classname="atlassian.jira.testrunner.JiraTestRunner"/>
  <testcase name="runScenario" time="0.498" classname="atlassian.jira.testrunner.JiraTestRunner"/>
</testsuite> <!-- atlassian.jira.testrunner.JiraTestRunner -->
