<?xml version="1.0" encoding="UTF-8"?>
<!-- Generated by org.testng.reporters.JUnitReportReporter -->
<testsuite skipped="0" hostname="LAPTOP-HAGVT14E" name="services.UpdateJIRAIssue" tests="1" failures="0" timestamp="29 Jan 2022 15:49:22 GMT" time="0.505" errors="0">
  <testcase name="updateJIRAIssue" time="0.505" classname="services.UpdateJIRAIssue"/>
</testsuite> <!-- services.UpdateJIRAIssue -->
