<?xml version="1.0" encoding="UTF-8"?>
<!-- Generated by org.testng.reporters.JUnitReportReporter -->
<testsuite skipped="0" hostname="LAPTOP-HAGVT14E" name="atlassian.jira.testrunner.JiraTestRunner" tests="2" failures="0" timestamp="24 Jan 2022 07:24:13 GMT" time="2.569" errors="0">
  <testcase name="runScenario" time="1.949" classname="atlassian.jira.testrunner.JiraTestRunner"/>
  <testcase name="runScenario" time="0.620" classname="atlassian.jira.testrunner.JiraTestRunner"/>
</testsuite> <!-- atlassian.jira.testrunner.JiraTestRunner -->
