<?xml version="1.0" encoding="UTF-8"?>
<!-- Generated by org.testng.reporters.JUnitReportReporter -->
<testsuite skipped="0" hostname="LAPTOP-HAGVT14E" name="runner.TestNGRunner" tests="5" failures="0" timestamp="29 Jan 2022 20:54:03 GMT" time="7.603" errors="0">
  <testcase name="runScenario" time="3.532" classname="runner.TestNGRunner"/>
  <testcase name="runScenario" time="0.890" classname="runner.TestNGRunner"/>
  <testcase name="runScenario" time="0.547" classname="runner.TestNGRunner"/>
  <testcase name="runScenario" time="1.723" classname="runner.TestNGRunner"/>
  <testcase name="runScenario" time="0.911" classname="runner.TestNGRunner"/>
</testsuite> <!-- runner.TestNGRunner -->
