<?xml version="1.0" encoding="UTF-8"?>
<!-- Generated by org.testng.reporters.JUnitReportReporter -->
<testsuite skipped="0" hostname="LAPTOP-HAGVT14E" name="week2.assignments.CreateIssueInJIRA" tests="1" failures="0" timestamp="16 Jan 2022 19:51:57 GMT" time="2.022" errors="0">
  <testcase name="createIssue" time="2.022" classname="week2.assignments.CreateIssueInJIRA"/>
</testsuite> <!-- week2.assignments.CreateIssueInJIRA -->
