<?xml version="1.0" encoding="UTF-8"?>
<!-- Generated by org.testng.reporters.JUnitReportReporter -->
<testsuite skipped="0" hostname="LAPTOP-HAGVT14E" name="week3.GetAllChangeRequestUsingCookieSessionID" tests="1" failures="0" timestamp="22 Jan 2022 06:49:10 GMT" time="3.437" errors="0">
  <testcase name="getAllChangeRequest" time="3.437" classname="week3.GetAllChangeRequestUsingCookieSessionID"/>
</testsuite> <!-- week3.GetAllChangeRequestUsingCookieSessionID -->
