<?xml version="1.0" encoding="UTF-8"?>
<!-- Generated by org.testng.reporters.JUnitReportReporter -->
<testsuite skipped="0" hostname="LAPTOP-HAGVT14E" name="services.DeleteJIRAIssue" tests="1" failures="0" timestamp="30 Jan 2022 06:57:36 GMT" time="0.828" errors="0">
  <testcase name="deleteJIRAIssue" time="0.828" classname="services.DeleteJIRAIssue"/>
</testsuite> <!-- services.DeleteJIRAIssue -->
