<?xml version="1.0" encoding="UTF-8"?>
<!-- Generated by org.testng.reporters.JUnitReportReporter -->
<testsuite skipped="0" hostname="LAPTOP-HAGVT14E" name="servicenow.changerequest.testrunner.Runner" tests="4" failures="0" timestamp="23 Jan 2022 10:19:34 GMT" time="11.438" errors="0">
  <testcase name="runScenario" time="3.197" classname="servicenow.changerequest.testrunner.Runner"/>
  <testcase name="runScenario" time="0.004" classname="servicenow.changerequest.testrunner.Runner"/>
  <testcase name="runScenario" time="5.105" classname="servicenow.changerequest.testrunner.Runner"/>
  <testcase name="runScenario" time="3.132" classname="servicenow.changerequest.testrunner.Runner"/>
</testsuite> <!-- servicenow.changerequest.testrunner.Runner -->
