<?xml version="1.0" encoding="UTF-8"?>
<!-- Generated by org.testng.reporters.JUnitReportReporter -->
<testsuite skipped="0" hostname="LAPTOP-HAGVT14E" name="week2.assignments.UpdateIssueWithDescription" tests="1" failures="0" timestamp="18 Jan 2022 13:54:11 GMT" time="0.597" errors="0">
  <testcase name="updateIssueWithDescription" time="0.597" classname="week2.assignments.UpdateIssueWithDescription"/>
</testsuite> <!-- week2.assignments.UpdateIssueWithDescription -->
