<?xml version="1.0" encoding="UTF-8"?>
<!-- Generated by org.testng.reporters.JUnitReportReporter -->
<testsuite skipped="0" hostname="LAPTOP-HAGVT14E" name="week2.assignments.UpdateJiraIssue" tests="1" failures="0" timestamp="16 Jan 2022 19:51:57 GMT" time="0.590" errors="0">
  <testcase name="updateJIRAissue" time="0.590" classname="week2.assignments.UpdateJiraIssue"/>
</testsuite> <!-- week2.assignments.UpdateJiraIssue -->
