<?xml version="1.0" encoding="UTF-8"?>
<!-- Generated by org.testng.reporters.JUnitReportReporter -->
<testsuite skipped="0" hostname="LAPTOP-HAGVT14E" name="servicenow.CreateNewChangeRequestUsingFile" tests="1" failures="0" timestamp="16 Jan 2022 04:49:34 GMT" time="4.344" errors="0">
  <testcase name="createNewChangeRequest" time="4.344" classname="servicenow.CreateNewChangeRequestUsingFile"/>
</testsuite> <!-- servicenow.CreateNewChangeRequestUsingFile -->
