<?xml version="1.0" encoding="UTF-8"?>
<!-- Generated by org.testng.reporters.JUnitReportReporter -->
<testsuite skipped="0" hostname="LAPTOP-HAGVT14E" name="services.CreateNewJIRAIssue" tests="1" failures="0" timestamp="29 Jan 2022 18:18:13 GMT" time="3.947" errors="0">
  <testcase name="createNewJIRAIssue" time="3.947" classname="services.CreateNewJIRAIssue"/>
</testsuite> <!-- services.CreateNewJIRAIssue -->
