<?xml version="1.0" encoding="UTF-8"?>
<!-- Generated by org.testng.reporters.JUnitReportReporter -->
<testsuite skipped="0" hostname="LAPTOP-HAGVT14E" name="org.assignments.jira.GetAllIssuesFromJira" tests="1" failures="0" timestamp="16 Jan 2022 03:43:51 GMT" time="2.051" errors="0">
  <testcase name="getAllIssues" time="2.051" classname="org.assignments.jira.GetAllIssuesFromJira"/>
</testsuite> <!-- org.assignments.jira.GetAllIssuesFromJira -->
