<?xml version="1.0" encoding="UTF-8"?>
<!-- Generated by org.testng.reporters.JUnitReportReporter -->
<testsuite skipped="0" hostname="LAPTOP-HAGVT14E" name="org.servicenow.changerequests.MultipleQueryParams" tests="1" failures="0" timestamp="15 Jan 2022 14:12:59 GMT" time="5.443" errors="0">
  <testcase name="tryMultipleQueryParams" time="5.443" classname="org.servicenow.changerequests.MultipleQueryParams"/>
</testsuite> <!-- org.servicenow.changerequests.MultipleQueryParams -->
