<?xml version="1.0" encoding="UTF-8"?>
<!-- Generated by org.testng.reporters.JUnitReportReporter -->
<testsuite skipped="0" hostname="LAPTOP-HAGVT14E" name="org.servicenow.changerequests.GetAllChangeRequestAndPrintInXML" tests="1" failures="0" timestamp="15 Jan 2022 05:44:02 GMT" time="5.608" errors="0">
  <testcase name="getAllChangeRequestWithXML" time="5.608" classname="org.servicenow.changerequests.GetAllChangeRequestAndPrintInXML"/>
</testsuite> <!-- org.servicenow.changerequests.GetAllChangeRequestAndPrintInXML -->
