<?xml version="1.0" encoding="UTF-8"?>
<!-- Generated by org.testng.reporters.JUnitReportReporter -->
<testsuite skipped="0" hostname="LAPTOP-HAGVT14E" name="chaining.CreateNewChangeRequest" tests="1" failures="0" timestamp="16 Jan 2022 06:37:21 GMT" time="4.219" errors="0">
  <testcase name="createNewChangeRequest" time="4.219" classname="chaining.CreateNewChangeRequest"/>
</testsuite> <!-- chaining.CreateNewChangeRequest -->
