<?xml version="1.0" encoding="UTF-8"?>
<!-- Generated by org.testng.reporters.JUnitReportReporter -->
<testsuite skipped="1" hostname="LAPTOP-HAGVT14E" name="week2.assignments.DeleteJIRAissue" tests="1" failures="0" timestamp="20 Jan 2022 13:55:22 GMT" time="0.000" errors="0">
  <testcase name="deleteJiraIssue" time="0.000" classname="week2.assignments.DeleteJIRAissue">
    <skipped/>
  </testcase> <!-- deleteJiraIssue -->
</testsuite> <!-- week2.assignments.DeleteJIRAissue -->
