<?xml version="1.0" encoding="UTF-8"?>
<!-- Generated by org.testng.reporters.JUnitReportReporter -->
<testsuite skipped="0" hostname="LAPTOP-HAGVT14E" name="org.servicenow.changerequests.UpdateChangeRequestUsingFile" tests="1" failures="0" timestamp="16 Jan 2022 04:16:57 GMT" time="5.046" errors="0">
  <testcase name="updateChangeRequest" time="5.046" classname="org.servicenow.changerequests.UpdateChangeRequestUsingFile"/>
</testsuite> <!-- org.servicenow.changerequests.UpdateChangeRequestUsingFile -->
